04 Dec 2016, 00:03:09.928 [   INFO] [   FXGL.SystemLogger] [JavaFX Application Thread] System Logger is initialized
04 Dec 2016, 00:03:09.974 [  FINER] [   FXGL.SystemLogger] [JavaFX Application Thread] Logging System Info
04 Dec 2016, 00:03:09.975 [  FINER] [   FXGL.SystemLogger] [JavaFX Application Thread] CPU cores: 8
04 Dec 2016, 00:03:09.995 [  FINER] [   FXGL.SystemLogger] [JavaFX Application Thread] Free Memory: 171MB
04 Dec 2016, 00:03:09.996 [  FINER] [   FXGL.SystemLogger] [JavaFX Application Thread] Max Memory: 2729MB
04 Dec 2016, 00:03:09.996 [  FINER] [   FXGL.SystemLogger] [JavaFX Application Thread] Total Memory: 184MB
04 Dec 2016, 00:03:09.997 [  FINER] [   FXGL.SystemLogger] [JavaFX Application Thread] System Properties:
04 Dec 2016, 00:03:09.998 [  FINER] [   FXGL.SystemLogger] [JavaFX Application Thread] sun.cpu.isalist=amd64
04 Dec 2016, 00:03:09.998 [  FINER] [   FXGL.SystemLogger] [JavaFX Application Thread] sun.desktop=windows
04 Dec 2016, 00:03:09.998 [  FINER] [   FXGL.SystemLogger] [JavaFX Application Thread] sun.io.unicode.encoding=UnicodeLittle
04 Dec 2016, 00:03:09.999 [  FINER] [   FXGL.SystemLogger] [JavaFX Application Thread] sun.cpu.endian=little
04 Dec 2016, 00:03:10.000 [  FINER] [   FXGL.SystemLogger] [JavaFX Application Thread] java.vendor.url.bug=http://bugreport.sun.com/bugreport/
04 Dec 2016, 00:03:10.001 [  FINER] [   FXGL.SystemLogger] [JavaFX Application Thread] file.separator=\
04 Dec 2016, 00:03:10.001 [  FINER] [   FXGL.SystemLogger] [JavaFX Application Thread] java.vendor=Oracle Corporation
04 Dec 2016, 00:03:10.001 [  FINER] [   FXGL.SystemLogger] [JavaFX Application Thread] sun.boot.class.path=C:\Program Files\Java\jdk1.8.0_91\jre\lib\resources.jar;C:\Program Files\Java\jdk1.8.0_91\jre\lib\rt.jar;C:\Program Files\Java\jdk1.8.0_91\jre\lib\sunrsasign.jar;C:\Program Files\Java\jdk1.8.0_91\jre\lib\jsse.jar;C:\Program Files\Java\jdk1.8.0_91\jre\lib\jce.jar;C:\Program Files\Java\jdk1.8.0_91\jre\lib\charsets.jar;C:\Program Files\Java\jdk1.8.0_91\jre\lib\jfr.jar;C:\Program Files\Java\jdk1.8.0_91\jre\classes
04 Dec 2016, 00:03:10.002 [  FINER] [   FXGL.SystemLogger] [JavaFX Application Thread] java.ext.dirs=C:\Program Files\Java\jdk1.8.0_91\jre\lib\ext;C:\WINDOWS\Sun\Java\lib\ext
04 Dec 2016, 00:03:10.002 [  FINER] [   FXGL.SystemLogger] [JavaFX Application Thread] java.version=1.8.0_91
04 Dec 2016, 00:03:10.002 [  FINER] [   FXGL.SystemLogger] [JavaFX Application Thread] java.vm.info=mixed mode
04 Dec 2016, 00:03:10.002 [  FINER] [   FXGL.SystemLogger] [JavaFX Application Thread] awt.toolkit=sun.awt.windows.WToolkit
04 Dec 2016, 00:03:10.003 [  FINER] [   FXGL.SystemLogger] [JavaFX Application Thread] user.language=en
04 Dec 2016, 00:03:10.003 [  FINER] [   FXGL.SystemLogger] [JavaFX Application Thread] java.specification.vendor=Oracle Corporation
04 Dec 2016, 00:03:10.003 [  FINER] [   FXGL.SystemLogger] [JavaFX Application Thread] sun.java.command=breakout.BreakoutApp
04 Dec 2016, 00:03:10.003 [  FINER] [   FXGL.SystemLogger] [JavaFX Application Thread] java.home=C:\Program Files\Java\jdk1.8.0_91\jre
04 Dec 2016, 00:03:10.003 [  FINER] [   FXGL.SystemLogger] [JavaFX Application Thread] sun.arch.data.model=64
04 Dec 2016, 00:03:10.004 [  FINER] [   FXGL.SystemLogger] [JavaFX Application Thread] java.vm.specification.version=1.8
04 Dec 2016, 00:03:10.004 [  FINER] [   FXGL.SystemLogger] [JavaFX Application Thread] java.class.path=C:\Users\Shane\Downloads\FXGL-0.2.8-uber.jar;C:\Users\Shane\Documents\NetBeansProjects\Breakout\build\classes
04 Dec 2016, 00:03:10.004 [  FINER] [   FXGL.SystemLogger] [JavaFX Application Thread] user.name=Shane
04 Dec 2016, 00:03:10.005 [  FINER] [   FXGL.SystemLogger] [JavaFX Application Thread] file.encoding=UTF-8
04 Dec 2016, 00:03:10.005 [  FINER] [   FXGL.SystemLogger] [JavaFX Application Thread] java.specification.version=1.8
04 Dec 2016, 00:03:10.005 [  FINER] [   FXGL.SystemLogger] [JavaFX Application Thread] java.awt.printerjob=sun.awt.windows.WPrinterJob
04 Dec 2016, 00:03:10.005 [  FINER] [   FXGL.SystemLogger] [JavaFX Application Thread] user.timezone=America/New_York
04 Dec 2016, 00:03:10.006 [  FINER] [   FXGL.SystemLogger] [JavaFX Application Thread] user.home=C:\Users\Shane
04 Dec 2016, 00:03:10.006 [  FINER] [   FXGL.SystemLogger] [JavaFX Application Thread] os.version=10.0
04 Dec 2016, 00:03:10.006 [  FINER] [   FXGL.SystemLogger] [JavaFX Application Thread] sun.management.compiler=HotSpot 64-Bit Tiered Compilers
04 Dec 2016, 00:03:10.007 [  FINER] [   FXGL.SystemLogger] [JavaFX Application Thread] java.specification.name=Java Platform API Specification
04 Dec 2016, 00:03:10.007 [  FINER] [   FXGL.SystemLogger] [JavaFX Application Thread] java.class.version=52.0
04 Dec 2016, 00:03:10.007 [  FINER] [   FXGL.SystemLogger] [JavaFX Application Thread] java.library.path=C:\Program Files\Java\jdk1.8.0_91\bin;C:\WINDOWS\Sun\Java\bin;C:\WINDOWS\system32;C:\WINDOWS;C:\ProgramData\Oracle\Java\javapath;C:\Program Files (x86)\NVIDIA Corporation\PhysX\Common;C:\Program Files (x86)\AMD APP\bin\x86_64;C:\Program Files (x86)\AMD APP\bin\x86;C:\Ruby22-x64\bin;C:\Program Files (x86)\ActiveState Komodo IDE 8\;C:\PROGRAM FILES\COMMON FILES\MICROSOFT SHARED\WINDOWS LIVE;C:\PROGRAM FILES (X86)\COMMON FILES\MICROSOFT SHARED\WINDOWS LIVE;C:\WINDOWS\SYSTEM32;C:\WINDOWS;C:\WINDOWS\SYSTEM32\WBEM;C:\WINDOWS\SYSTEM32\WINDOWSPOWERSHELL\V1.0\;C:\PROGRAM FILES (X86)\ATI TECHNOLOGIES\ATI.ACE\CORE-STATIC;C:\PROGRAM FILES (X86)\WINDOWS LIVE\SHARED;C:\PROGRAM FILES (X86)\COMMON FILES\ROXIO SHARED\OEM\DLLSHARED\;C:\PROGRAM FILES (X86)\COMMON FILES\ROXIO SHARED\OEM\12.0\DLLSHARED\;C:\PROGRAM FILES (X86)\ROXIO\OEM\AUDIOCORE\;C:\PROGRAM FILES\MICROSOFT\WEB PLATFORM INSTALLER\;C:\PROGRAM FILES (X86)\MICROSOFT ASP.NET\ASP.NET WEB PAGES\V1.0\;C:\PROGRAM FILES (X86)\WINDOWS KITS\8.0\WINDOWS PERFORMANCE TOOLKIT\;C:\PROGRAM FILES\MICROSOFT SQL SERVER\110\TOOLS\BINN\;C:\PROGRAM FILES\COMMON FILES\AUTODESK SHARED\;C:\Program Files\WIDCOMM\Bluetooth Software\;C:\Program Files\WIDCOMM\Bluetooth Software\syswow64;"c:\Program Files (x86)\Java\jre7\bin";C:\Program Files (x86)\QuickTime\QTSystem\;C:\Program Files (x86)\AMD\ATI.ACE\Core-Static;C:\Program Files (x86)\Common Files\Acronis\SnapAPI\;C:\Program Files (x86)\nodejs\;C:\Program Files\Calibre2\;C:\Program Files (x86)\Microsoft SQL Server\100\Tools\Binn\;C:\Program Files\Microsoft SQL Server\100\Tools\Binn\;C:\Program Files\Microsoft SQL Server\100\DTS\Binn\;C:\Program Files (x86)\GtkSharp\2.12\bin;C:\WINDOWS\system32;C:\WINDOWS;C:\WINDOWS\System32\Wbem;C:\WINDOWS\System32\WindowsPowerShell\v1.0\;C:\Program Files (x86)\Autodesk\Backburner\;C:\Program Files (x86)\ATI Technologies\ATI.ACE\Core-Static;C:\Users\Shane\Documents\AMD\ATI.ACE\Core-Static;C:\Program Files (x86)\Skype\Phone\;C:\Program Files (x86)\Extensis\Suitcase Fusion 6\;C:\Users\Shane\AppData\Local\Programs\Git\cmd;C:\Program Files (x86)\Brackets\command;C:\Users\Shane\AppData\Local\Programs\Python\Python35-32\Scripts\;C:\Users\Shane\AppData\Local\Programs\Python\Python35-32\;C:\Users\Shane\AppData\Roaming\npm;C:\Users\Shane\AppData\Local\atom\bin;C:\Users\Shane\AppData\Local\Code\bin;%USERPROFILE%\AppData\Local\Microsoft\WindowsApps;;.
04 Dec 2016, 00:03:10.008 [  FINER] [   FXGL.SystemLogger] [JavaFX Application Thread] sun.jnu.encoding=Cp1252
04 Dec 2016, 00:03:10.008 [  FINER] [   FXGL.SystemLogger] [JavaFX Application Thread] os.name=Windows 10
04 Dec 2016, 00:03:10.008 [  FINER] [   FXGL.SystemLogger] [JavaFX Application Thread] user.variant=
04 Dec 2016, 00:03:10.008 [  FINER] [   FXGL.SystemLogger] [JavaFX Application Thread] java.vm.specification.vendor=Oracle Corporation
04 Dec 2016, 00:03:10.008 [  FINER] [   FXGL.SystemLogger] [JavaFX Application Thread] java.io.tmpdir=C:\Users\Shane\AppData\Local\Temp\
04 Dec 2016, 00:03:10.009 [  FINER] [   FXGL.SystemLogger] [JavaFX Application Thread] line.separator=

04 Dec 2016, 00:03:10.009 [  FINER] [   FXGL.SystemLogger] [JavaFX Application Thread] java.endorsed.dirs=C:\Program Files\Java\jdk1.8.0_91\jre\lib\endorsed
04 Dec 2016, 00:03:10.009 [  FINER] [   FXGL.SystemLogger] [JavaFX Application Thread] os.arch=amd64
04 Dec 2016, 00:03:10.010 [  FINER] [   FXGL.SystemLogger] [JavaFX Application Thread] javafx.runtime.version=8.0.91-b14
04 Dec 2016, 00:03:10.010 [  FINER] [   FXGL.SystemLogger] [JavaFX Application Thread] java.awt.graphicsenv=sun.awt.Win32GraphicsEnvironment
04 Dec 2016, 00:03:10.010 [  FINER] [   FXGL.SystemLogger] [JavaFX Application Thread] java.runtime.version=1.8.0_91-b15
04 Dec 2016, 00:03:10.010 [  FINER] [   FXGL.SystemLogger] [JavaFX Application Thread] java.vm.specification.name=Java Virtual Machine Specification
04 Dec 2016, 00:03:10.010 [  FINER] [   FXGL.SystemLogger] [JavaFX Application Thread] user.dir=C:\Users\Shane\Documents\NetBeansProjects\Breakout
04 Dec 2016, 00:03:10.011 [  FINER] [   FXGL.SystemLogger] [JavaFX Application Thread] user.country=US
04 Dec 2016, 00:03:10.011 [  FINER] [   FXGL.SystemLogger] [JavaFX Application Thread] user.script=
04 Dec 2016, 00:03:10.011 [  FINER] [   FXGL.SystemLogger] [JavaFX Application Thread] sun.java.launcher=SUN_STANDARD
04 Dec 2016, 00:03:10.011 [  FINER] [   FXGL.SystemLogger] [JavaFX Application Thread] sun.os.patch.level=
04 Dec 2016, 00:03:10.012 [  FINER] [   FXGL.SystemLogger] [JavaFX Application Thread] java.vm.name=Java HotSpot(TM) 64-Bit Server VM
04 Dec 2016, 00:03:10.012 [  FINER] [   FXGL.SystemLogger] [JavaFX Application Thread] file.encoding.pkg=sun.io
04 Dec 2016, 00:03:10.012 [  FINER] [   FXGL.SystemLogger] [JavaFX Application Thread] path.separator=;
04 Dec 2016, 00:03:10.012 [  FINER] [   FXGL.SystemLogger] [JavaFX Application Thread] java.vm.vendor=Oracle Corporation
04 Dec 2016, 00:03:10.013 [  FINER] [   FXGL.SystemLogger] [JavaFX Application Thread] java.vendor.url=http://java.oracle.com/
04 Dec 2016, 00:03:10.013 [  FINER] [   FXGL.SystemLogger] [JavaFX Application Thread] sun.boot.library.path=C:\Program Files\Java\jdk1.8.0_91\jre\bin
04 Dec 2016, 00:03:10.013 [  FINER] [   FXGL.SystemLogger] [JavaFX Application Thread] java.vm.version=25.91-b15
04 Dec 2016, 00:03:10.013 [  FINER] [   FXGL.SystemLogger] [JavaFX Application Thread] java.runtime.name=Java(TM) SE Runtime Environment
04 Dec 2016, 00:03:10.013 [  FINER] [   FXGL.SystemLogger] [JavaFX Application Thread] javafx.version=8.0.91
04 Dec 2016, 00:03:10.019 [   INFO] [   FXGL.SystemLogger] [JavaFX Application Thread] FXGL-0.2.8
04 Dec 2016, 00:03:10.020 [   INFO] [   FXGL.SystemLogger] [JavaFX Application Thread] Source code and latest versions at: https://github.com/AlmasB/FXGL
04 Dec 2016, 00:03:10.021 [   INFO] [   FXGL.SystemLogger] [JavaFX Application Thread]              Join the FXGL chat at: https://gitter.im/AlmasB/FXGL
04 Dec 2016, 00:03:10.026 [  FINER] [   FXGL.SystemLogger] [JavaFX Application Thread] Starting JavaFX
