03 Dec 2016, 22:39:12.210 [   INFO] [   FXGL.SystemLogger] [JavaFX Application Thread] System Logger is initialized
03 Dec 2016, 22:39:12.223 [  FINER] [   FXGL.SystemLogger] [JavaFX Application Thread] Logging System Info
03 Dec 2016, 22:39:12.223 [  FINER] [   FXGL.SystemLogger] [JavaFX Application Thread] CPU cores: 8
03 Dec 2016, 22:39:12.225 [  FINER] [   FXGL.SystemLogger] [JavaFX Application Thread] Free Memory: 171MB
03 Dec 2016, 22:39:12.226 [  FINER] [   FXGL.SystemLogger] [JavaFX Application Thread] Max Memory: 2729MB
03 Dec 2016, 22:39:12.226 [  FINER] [   FXGL.SystemLogger] [JavaFX Application Thread] Total Memory: 184MB
03 Dec 2016, 22:39:12.227 [  FINER] [   FXGL.SystemLogger] [JavaFX Application Thread] System Properties:
03 Dec 2016, 22:39:12.228 [  FINER] [   FXGL.SystemLogger] [JavaFX Application Thread] sun.cpu.isalist=amd64
03 Dec 2016, 22:39:12.229 [  FINER] [   FXGL.SystemLogger] [JavaFX Application Thread] sun.desktop=windows
03 Dec 2016, 22:39:12.230 [  FINER] [   FXGL.SystemLogger] [JavaFX Application Thread] sun.io.unicode.encoding=UnicodeLittle
03 Dec 2016, 22:39:12.230 [  FINER] [   FXGL.SystemLogger] [JavaFX Application Thread] sun.cpu.endian=little
03 Dec 2016, 22:39:12.231 [  FINER] [   FXGL.SystemLogger] [JavaFX Application Thread] java.vendor.url.bug=http://bugreport.sun.com/bugreport/
03 Dec 2016, 22:39:12.231 [  FINER] [   FXGL.SystemLogger] [JavaFX Application Thread] file.separator=\
03 Dec 2016, 22:39:12.232 [  FINER] [   FXGL.SystemLogger] [JavaFX Application Thread] java.vendor=Oracle Corporation
03 Dec 2016, 22:39:12.232 [  FINER] [   FXGL.SystemLogger] [JavaFX Application Thread] sun.boot.class.path=C:\Program Files\Java\jdk1.8.0_91\jre\lib\resources.jar;C:\Program Files\Java\jdk1.8.0_91\jre\lib\rt.jar;C:\Program Files\Java\jdk1.8.0_91\jre\lib\sunrsasign.jar;C:\Program Files\Java\jdk1.8.0_91\jre\lib\jsse.jar;C:\Program Files\Java\jdk1.8.0_91\jre\lib\jce.jar;C:\Program Files\Java\jdk1.8.0_91\jre\lib\charsets.jar;C:\Program Files\Java\jdk1.8.0_91\jre\lib\jfr.jar;C:\Program Files\Java\jdk1.8.0_91\jre\classes
03 Dec 2016, 22:39:12.233 [  FINER] [   FXGL.SystemLogger] [JavaFX Application Thread] java.ext.dirs=C:\Program Files\Java\jdk1.8.0_91\jre\lib\ext;C:\WINDOWS\Sun\Java\lib\ext
03 Dec 2016, 22:39:12.233 [  FINER] [   FXGL.SystemLogger] [JavaFX Application Thread] java.version=1.8.0_91
03 Dec 2016, 22:39:12.233 [  FINER] [   FXGL.SystemLogger] [JavaFX Application Thread] java.vm.info=mixed mode
03 Dec 2016, 22:39:12.233 [  FINER] [   FXGL.SystemLogger] [JavaFX Application Thread] awt.toolkit=sun.awt.windows.WToolkit
03 Dec 2016, 22:39:12.234 [  FINER] [   FXGL.SystemLogger] [JavaFX Application Thread] user.language=en
03 Dec 2016, 22:39:12.234 [  FINER] [   FXGL.SystemLogger] [JavaFX Application Thread] java.specification.vendor=Oracle Corporation
03 Dec 2016, 22:39:12.234 [  FINER] [   FXGL.SystemLogger] [JavaFX Application Thread] sun.java.command=breakout.BreakoutApp
03 Dec 2016, 22:39:12.234 [  FINER] [   FXGL.SystemLogger] [JavaFX Application Thread] java.home=C:\Program Files\Java\jdk1.8.0_91\jre
03 Dec 2016, 22:39:12.235 [  FINER] [   FXGL.SystemLogger] [JavaFX Application Thread] sun.arch.data.model=64
03 Dec 2016, 22:39:12.235 [  FINER] [   FXGL.SystemLogger] [JavaFX Application Thread] java.vm.specification.version=1.8
03 Dec 2016, 22:39:12.235 [  FINER] [   FXGL.SystemLogger] [JavaFX Application Thread] java.class.path=C:\Users\Shane\Downloads\FXGL-0.2.8-uber.jar;C:\Users\Shane\Documents\NetBeansProjects\Breakout\build\classes
03 Dec 2016, 22:39:12.235 [  FINER] [   FXGL.SystemLogger] [JavaFX Application Thread] user.name=Shane
03 Dec 2016, 22:39:12.235 [  FINER] [   FXGL.SystemLogger] [JavaFX Application Thread] file.encoding=UTF-8
03 Dec 2016, 22:39:12.236 [  FINER] [   FXGL.SystemLogger] [JavaFX Application Thread] java.specification.version=1.8
03 Dec 2016, 22:39:12.236 [  FINER] [   FXGL.SystemLogger] [JavaFX Application Thread] java.awt.printerjob=sun.awt.windows.WPrinterJob
03 Dec 2016, 22:39:12.236 [  FINER] [   FXGL.SystemLogger] [JavaFX Application Thread] user.timezone=America/New_York
03 Dec 2016, 22:39:12.236 [  FINER] [   FXGL.SystemLogger] [JavaFX Application Thread] user.home=C:\Users\Shane
03 Dec 2016, 22:39:12.236 [  FINER] [   FXGL.SystemLogger] [JavaFX Application Thread] os.version=10.0
03 Dec 2016, 22:39:12.237 [  FINER] [   FXGL.SystemLogger] [JavaFX Application Thread] sun.management.compiler=HotSpot 64-Bit Tiered Compilers
03 Dec 2016, 22:39:12.237 [  FINER] [   FXGL.SystemLogger] [JavaFX Application Thread] java.specification.name=Java Platform API Specification
03 Dec 2016, 22:39:12.237 [  FINER] [   FXGL.SystemLogger] [JavaFX Application Thread] java.class.version=52.0
03 Dec 2016, 22:39:12.237 [  FINER] [   FXGL.SystemLogger] [JavaFX Application Thread] java.library.path=C:\Program Files\Java\jdk1.8.0_91\bin;C:\WINDOWS\Sun\Java\bin;C:\WINDOWS\system32;C:\WINDOWS;C:\ProgramData\Oracle\Java\javapath;C:\Program Files (x86)\NVIDIA Corporation\PhysX\Common;C:\Program Files (x86)\AMD APP\bin\x86_64;C:\Program Files (x86)\AMD APP\bin\x86;C:\Ruby22-x64\bin;C:\Program Files (x86)\ActiveState Komodo IDE 8\;C:\PROGRAM FILES\COMMON FILES\MICROSOFT SHARED\WINDOWS LIVE;C:\PROGRAM FILES (X86)\COMMON FILES\MICROSOFT SHARED\WINDOWS LIVE;C:\WINDOWS\SYSTEM32;C:\WINDOWS;C:\WINDOWS\SYSTEM32\WBEM;C:\WINDOWS\SYSTEM32\WINDOWSPOWERSHELL\V1.0\;C:\PROGRAM FILES (X86)\ATI TECHNOLOGIES\ATI.ACE\CORE-STATIC;C:\PROGRAM FILES (X86)\WINDOWS LIVE\SHARED;C:\PROGRAM FILES (X86)\COMMON FILES\ROXIO SHARED\OEM\DLLSHARED\;C:\PROGRAM FILES (X86)\COMMON FILES\ROXIO SHARED\OEM\12.0\DLLSHARED\;C:\PROGRAM FILES (X86)\ROXIO\OEM\AUDIOCORE\;C:\PROGRAM FILES\MICROSOFT\WEB PLATFORM INSTALLER\;C:\PROGRAM FILES (X86)\MICROSOFT ASP.NET\ASP.NET WEB PAGES\V1.0\;C:\PROGRAM FILES (X86)\WINDOWS KITS\8.0\WINDOWS PERFORMANCE TOOLKIT\;C:\PROGRAM FILES\MICROSOFT SQL SERVER\110\TOOLS\BINN\;C:\PROGRAM FILES\COMMON FILES\AUTODESK SHARED\;C:\Program Files\WIDCOMM\Bluetooth Software\;C:\Program Files\WIDCOMM\Bluetooth Software\syswow64;"c:\Program Files (x86)\Java\jre7\bin";C:\Program Files (x86)\QuickTime\QTSystem\;C:\Program Files (x86)\AMD\ATI.ACE\Core-Static;C:\Program Files (x86)\Common Files\Acronis\SnapAPI\;C:\Program Files (x86)\nodejs\;C:\Program Files\Calibre2\;C:\Program Files (x86)\Microsoft SQL Server\100\Tools\Binn\;C:\Program Files\Microsoft SQL Server\100\Tools\Binn\;C:\Program Files\Microsoft SQL Server\100\DTS\Binn\;C:\Program Files (x86)\GtkSharp\2.12\bin;C:\WINDOWS\system32;C:\WINDOWS;C:\WINDOWS\System32\Wbem;C:\WINDOWS\System32\WindowsPowerShell\v1.0\;C:\Program Files (x86)\Autodesk\Backburner\;C:\Program Files (x86)\ATI Technologies\ATI.ACE\Core-Static;C:\Users\Shane\Documents\AMD\ATI.ACE\Core-Static;C:\Program Files (x86)\Skype\Phone\;C:\Program Files (x86)\Extensis\Suitcase Fusion 6\;C:\Users\Shane\AppData\Local\Programs\Git\cmd;C:\Program Files (x86)\Brackets\command;C:\Users\Shane\AppData\Local\Programs\Python\Python35-32\Scripts\;C:\Users\Shane\AppData\Local\Programs\Python\Python35-32\;C:\Users\Shane\AppData\Roaming\npm;C:\Users\Shane\AppData\Local\atom\bin;C:\Users\Shane\AppData\Local\Code\bin;%USERPROFILE%\AppData\Local\Microsoft\WindowsApps;;.
03 Dec 2016, 22:39:12.238 [  FINER] [   FXGL.SystemLogger] [JavaFX Application Thread] sun.jnu.encoding=Cp1252
03 Dec 2016, 22:39:12.238 [  FINER] [   FXGL.SystemLogger] [JavaFX Application Thread] os.name=Windows 10
03 Dec 2016, 22:39:12.238 [  FINER] [   FXGL.SystemLogger] [JavaFX Application Thread] user.variant=
03 Dec 2016, 22:39:12.238 [  FINER] [   FXGL.SystemLogger] [JavaFX Application Thread] java.vm.specification.vendor=Oracle Corporation
03 Dec 2016, 22:39:12.239 [  FINER] [   FXGL.SystemLogger] [JavaFX Application Thread] java.io.tmpdir=C:\Users\Shane\AppData\Local\Temp\
03 Dec 2016, 22:39:12.239 [  FINER] [   FXGL.SystemLogger] [JavaFX Application Thread] line.separator=

03 Dec 2016, 22:39:12.239 [  FINER] [   FXGL.SystemLogger] [JavaFX Application Thread] java.endorsed.dirs=C:\Program Files\Java\jdk1.8.0_91\jre\lib\endorsed
03 Dec 2016, 22:39:12.239 [  FINER] [   FXGL.SystemLogger] [JavaFX Application Thread] os.arch=amd64
03 Dec 2016, 22:39:12.239 [  FINER] [   FXGL.SystemLogger] [JavaFX Application Thread] javafx.runtime.version=8.0.91-b14
03 Dec 2016, 22:39:12.240 [  FINER] [   FXGL.SystemLogger] [JavaFX Application Thread] java.awt.graphicsenv=sun.awt.Win32GraphicsEnvironment
03 Dec 2016, 22:39:12.240 [  FINER] [   FXGL.SystemLogger] [JavaFX Application Thread] java.runtime.version=1.8.0_91-b15
03 Dec 2016, 22:39:12.240 [  FINER] [   FXGL.SystemLogger] [JavaFX Application Thread] java.vm.specification.name=Java Virtual Machine Specification
03 Dec 2016, 22:39:12.240 [  FINER] [   FXGL.SystemLogger] [JavaFX Application Thread] user.dir=C:\Users\Shane\Documents\NetBeansProjects\Breakout
03 Dec 2016, 22:39:12.240 [  FINER] [   FXGL.SystemLogger] [JavaFX Application Thread] user.country=US
03 Dec 2016, 22:39:12.241 [  FINER] [   FXGL.SystemLogger] [JavaFX Application Thread] user.script=
03 Dec 2016, 22:39:12.241 [  FINER] [   FXGL.SystemLogger] [JavaFX Application Thread] sun.java.launcher=SUN_STANDARD
03 Dec 2016, 22:39:12.241 [  FINER] [   FXGL.SystemLogger] [JavaFX Application Thread] sun.os.patch.level=
03 Dec 2016, 22:39:12.241 [  FINER] [   FXGL.SystemLogger] [JavaFX Application Thread] java.vm.name=Java HotSpot(TM) 64-Bit Server VM
03 Dec 2016, 22:39:12.241 [  FINER] [   FXGL.SystemLogger] [JavaFX Application Thread] file.encoding.pkg=sun.io
03 Dec 2016, 22:39:12.242 [  FINER] [   FXGL.SystemLogger] [JavaFX Application Thread] path.separator=;
03 Dec 2016, 22:39:12.242 [  FINER] [   FXGL.SystemLogger] [JavaFX Application Thread] java.vm.vendor=Oracle Corporation
03 Dec 2016, 22:39:12.242 [  FINER] [   FXGL.SystemLogger] [JavaFX Application Thread] java.vendor.url=http://java.oracle.com/
03 Dec 2016, 22:39:12.242 [  FINER] [   FXGL.SystemLogger] [JavaFX Application Thread] sun.boot.library.path=C:\Program Files\Java\jdk1.8.0_91\jre\bin
03 Dec 2016, 22:39:12.242 [  FINER] [   FXGL.SystemLogger] [JavaFX Application Thread] java.vm.version=25.91-b15
03 Dec 2016, 22:39:12.243 [  FINER] [   FXGL.SystemLogger] [JavaFX Application Thread] java.runtime.name=Java(TM) SE Runtime Environment
03 Dec 2016, 22:39:12.243 [  FINER] [   FXGL.SystemLogger] [JavaFX Application Thread] javafx.version=8.0.91
03 Dec 2016, 22:39:12.249 [   INFO] [   FXGL.SystemLogger] [JavaFX Application Thread] FXGL-0.2.8
03 Dec 2016, 22:39:12.250 [   INFO] [   FXGL.SystemLogger] [JavaFX Application Thread] Source code and latest versions at: https://github.com/AlmasB/FXGL
03 Dec 2016, 22:39:12.250 [   INFO] [   FXGL.SystemLogger] [JavaFX Application Thread]              Join the FXGL chat at: https://gitter.im/AlmasB/FXGL
03 Dec 2016, 22:39:12.257 [  FINER] [   FXGL.SystemLogger] [JavaFX Application Thread] Starting JavaFX
03 Dec 2016, 22:39:12.259 [  FINER] [   FXGL.SystemLogger] [          JavaFX-Launcher] Initializing FXGL
03 Dec 2016, 22:39:12.292 [  FINER] [   FXGL.SystemLogger] [JavaFX Application Thread] Starting FXGL
03 Dec 2016, 22:39:12.550 [  FINER] [   FXGL.SystemLogger] [     FXGL Launcher Thread] Configuring FXGL
03 Dec 2016, 22:39:12.550 [  FINER] [   FXGL.SystemLogger] [     FXGL Launcher Thread] Initializing system properties
03 Dec 2016, 22:39:12.578 [  FINER] [   FXGL.SystemLogger] [     FXGL Launcher Thread] sound.notification = system/notification.wav
03 Dec 2016, 22:39:12.578 [  FINER] [   FXGL.SystemLogger] [     FXGL Launcher Thread] url.storage = https://raw.githubusercontent.com/AlmasB/git-server/master/storage/
03 Dec 2016, 22:39:12.579 [  FINER] [   FXGL.SystemLogger] [     FXGL Launcher Thread] asset.cache.size = 35
03 Dec 2016, 22:39:12.579 [  FINER] [   FXGL.SystemLogger] [     FXGL Launcher Thread] fs.profiledir = profiles/
03 Dec 2016, 22:39:12.579 [  FINER] [   FXGL.SystemLogger] [     FXGL Launcher Thread] url.pom = https://raw.githubusercontent.com/AlmasB/FXGL/master/pom.xml
03 Dec 2016, 22:39:12.580 [  FINER] [   FXGL.SystemLogger] [     FXGL Launcher Thread] fs.datafile.ext = .dat
03 Dec 2016, 22:39:12.580 [  FINER] [   FXGL.SystemLogger] [     FXGL Launcher Thread] sound.menu.back = menu/back.wav
03 Dec 2016, 22:39:12.581 [  FINER] [   FXGL.SystemLogger] [     FXGL Launcher Thread] sound.menu.select = menu/select.wav
03 Dec 2016, 22:39:12.581 [  FINER] [   FXGL.SystemLogger] [     FXGL Launcher Thread] url.github = https://github.com/AlmasB/FXGL
03 Dec 2016, 22:39:12.581 [  FINER] [   FXGL.SystemLogger] [     FXGL Launcher Thread] physics.ppm = 50.0
03 Dec 2016, 22:39:12.582 [  FINER] [   FXGL.SystemLogger] [     FXGL Launcher Thread] ui.css = fxgl.css
03 Dec 2016, 22:39:12.582 [  FINER] [   FXGL.SystemLogger] [     FXGL Launcher Thread] version.check.days = 7
03 Dec 2016, 22:39:12.582 [  FINER] [   FXGL.SystemLogger] [     FXGL Launcher Thread] fs.savefile.ext = .sav
03 Dec 2016, 22:39:12.583 [  FINER] [   FXGL.SystemLogger] [     FXGL Launcher Thread] pooling.initialSize = 128
03 Dec 2016, 22:39:12.583 [  FINER] [   FXGL.SystemLogger] [     FXGL Launcher Thread] ui.font = Copperplate_Gothic_Light_Regular.ttf
03 Dec 2016, 22:39:12.583 [  FINER] [   FXGL.SystemLogger] [     FXGL Launcher Thread] fs.savedir = saves/
03 Dec 2016, 22:39:12.583 [  FINER] [   FXGL.SystemLogger] [     FXGL Launcher Thread] fs.profilename = user.profile
03 Dec 2016, 22:39:12.584 [  FINER] [   FXGL.SystemLogger] [     FXGL Launcher Thread] ui.icon.name = fxgl_icon.png
03 Dec 2016, 22:39:12.584 [  FINER] [   FXGL.SystemLogger] [     FXGL Launcher Thread] sound.menu.press = menu/press.wav
03 Dec 2016, 22:39:12.584 [  FINER] [   FXGL.SystemLogger] [     FXGL Launcher Thread] Initializing user properties
03 Dec 2016, 22:39:12.585 [   INFO] [   FXGL.SystemLogger] [     FXGL Launcher Thread] User properties not found. Using system
03 Dec 2016, 22:39:12.585 [  FINER] [   FXGL.SystemLogger] [     FXGL Launcher Thread] Initializing app settings
03 Dec 2016, 22:39:12.595 [  FINER] [   FXGL.SystemLogger] [     FXGL Launcher Thread] Logging settings
Title: Breakout
Version: dev
Width: 640
Height: 960
Fullscreen: false
Intro: false
Menus: true
Profiling: true
App Mode: DEVELOPER
Menu Style: FXGL_DEFAULT
Menu Key: ESCAPE
Services: []
03 Dec 2016, 22:39:13.294 [  FINER] [   FXGL.SystemLogger] [     FXGL Launcher Thread] FXGL configuration complete
03 Dec 2016, 22:39:13.294 [   INFO] [   FXGL.SystemLogger] [     FXGL Launcher Thread] FXGL configuration took:  0.744 sec
03 Dec 2016, 22:39:13.297 [  FINER] [   FXGL.SystemLogger] [JavaFX Application Thread] Running task: UpdaterTask
03 Dec 2016, 22:39:13.301 [  FINER] [   FXGL.SystemLogger] [     FXGL Launcher Thread] Running task: PreInitTask
03 Dec 2016, 22:39:13.380 [  FINER] [   FXGL.SystemLogger] [     FXGL Launcher Thread] Running task: InitScenesTask
03 Dec 2016, 22:39:13.620 [  FINER] [   FXGL.SystemLogger] [     FXGL Launcher Thread] Running task: InitEventHandlersTask
03 Dec 2016, 22:39:13.673 [  FINER] [   FXGL.SystemLogger] [     FXGL Launcher Thread] Running task: InitProfilerTask
03 Dec 2016, 22:39:13.733 [   INFO] [   FXGL.SystemLogger] [     FXGL Launcher Thread] Game configuration took:  0.432 sec
03 Dec 2016, 22:39:33.114 [  FINER] [   FXGL.SystemLogger] [JavaFX Application Thread] Exiting Normally
03 Dec 2016, 22:39:33.121 [   INFO] [   FXGL.SystemLogger] [JavaFX Application Thread] Processed Frames: 1
03 Dec 2016, 22:39:33.122 [   INFO] [   FXGL.SystemLogger] [JavaFX Application Thread] Average FPS: 0
03 Dec 2016, 22:39:33.122 [   INFO] [   FXGL.SystemLogger] [JavaFX Application Thread] Avg Performance: 0
03 Dec 2016, 22:39:33.123 [   INFO] [   FXGL.SystemLogger] [JavaFX Application Thread] Avg Memory Usage: 0 MB
03 Dec 2016, 22:39:33.123 [   INFO] [   FXGL.SystemLogger] [JavaFX Application Thread] Min Memory Usage: 2147483647 MB
03 Dec 2016, 22:39:33.123 [   INFO] [   FXGL.SystemLogger] [JavaFX Application Thread] Max Memory Usage: 0 MB
03 Dec 2016, 22:39:33.124 [   INFO] [   FXGL.SystemLogger] [JavaFX Application Thread] Estimated GC runs: 0
03 Dec 2016, 22:39:33.129 [  FINER] [   FXGL.SystemLogger] [JavaFX Application Thread] Exiting FXGL
03 Dec 2016, 22:39:33.130 [  FINER] [   FXGL.SystemLogger] [JavaFX Application Thread] Logger is closing
