22:39:49.216 [FXGL Launcher Thread     ] DEBUG FXGLLoggerFactory    - Service [LoggerFactory] initialized
22:39:49.222 [FXGL Launcher Thread     ] DEBUG FXGL                 - FXGL configuration complete
22:39:49.222 [FXGL Launcher Thread     ] DEBUG FXGL                 - Loading FXGL system data
22:39:49.225 [FXGL Launcher Thread     ] DEBUG IOTask               - Executing task: readDataTask(system/fxgl.bundle)
22:39:49.229 [FXGL Launcher Thread     ] DEBUG FS                   - Reading from: system\fxgl.bundle
22:39:49.234 [FXGL Launcher Thread     ] DEBUG IOTask               - Task succeeded: readDataTask(system/fxgl.bundle)
22:39:49.235 [FXGL Launcher Thread     ] DEBUG Bundle               - Logging bundle: FXGL
22:39:49.235 [FXGL Launcher Thread     ] DEBUG Bundle               - FXGL.offline.timer.version.check=2016-12-03T22:34:59.783
22:39:49.251 [FXGL Launcher Thread     ] DEBUG GameApplication      - Configuring GameApplication
22:39:49.256 [FXGL Launcher Thread     ] DEBUG FXGLExceptionHandler - Service [ExceptionHandler] initialized
22:39:49.256 [FXGL Launcher Thread     ] DEBUG FXGLEventBus         - Service [EventBus] initialized
22:39:49.259 [FXGL Launcher Thread     ] DEBUG FXGLExecutor         - Service [Executor] initialized
22:39:49.260 [FXGL Launcher Thread     ] DEBUG PreInitTask          - Injecting gameWorld & physicsWorld
22:39:49.265 [FXGL Launcher Thread     ] DEBUG GameWorld            - Game world initialized
22:39:49.309 [FXGL Launcher Thread     ] DEBUG FXGLPooler           - Service [Pooler] initialized with default size = 128
22:39:49.309 [FXGL Launcher Thread     ] DEBUG PhysicsWorld         - Physics world initialized: appHeight=960.0, physics.ppm=50.0
22:39:49.310 [FXGL Launcher Thread     ] DEBUG FXGLInput            - Service [Input] initialized
22:39:49.332 [FXGL Launcher Thread     ] DEBUG FXGLInput            - Registered new binding: Screenshot - P
22:39:49.332 [FXGL Launcher Thread     ] DEBUG FXGLInput            - Registered new binding: Dev Options - CTRL+0
22:39:49.363 [FXGL Launcher Thread     ] DEBUG GameScene            - Game scene initialized: 640.0x960.0
22:39:49.371 [FXGL Launcher Thread     ] DEBUG FXGLAssetLoader      - Service [AssetLoader] initialized: cacheSize=35
22:39:49.375 [FXGL Launcher Thread     ] DEBUG FXGLAssetLoader      - Loading from disk: /assets/sounds/system/notification.wav
22:39:49.434 [FXGL Launcher Thread     ] DEBUG FXGLAssetLoader      - Loading from disk: /assets/sounds/menu/select.wav
22:39:49.435 [FXGL Launcher Thread     ] DEBUG FXGLAssetLoader      - Loading from disk: /assets/sounds/menu/back.wav
22:39:49.437 [FXGL Launcher Thread     ] DEBUG FXGLAssetLoader      - Loading from disk: /assets/sounds/menu/press.wav
22:39:49.439 [FXGL Launcher Thread     ] DEBUG FXGLAssetLoader      - Loading from disk: /assets/ui/fonts/Copperplate_Gothic_Light_Regular.ttf
22:39:49.517 [FXGL Launcher Thread     ] DEBUG FXGLAssetLoader      - Loading from disk: /assets/ui/css/fxgl.css
22:39:49.517 [FXGL Launcher Thread     ] DEBUG FXGLAssetLoader      - Loading from disk: /assets/ui/icons/fxgl_icon.png
22:39:49.558 [FXGL Launcher Thread     ] DEBUG FXGLEventBus         - Firing event: SaveEvent
22:39:49.587 [FXGL Launcher Thread     ] DEBUG FXGLAssetLoader      - Loading from disk: /assets/ui/css/fxgl_dark.css
22:39:49.594 [FXGL Launcher Thread     ] DEBUG FXGLDisplay          - Target size: DoubleProperty [value: 640.0] x DoubleProperty [value: 960.0] @ 1.0
22:39:49.594 [FXGL Launcher Thread     ] DEBUG FXGLDisplay          - New size:    640.0 x 960.0 @ DoubleProperty [value: 1.0]
22:39:49.594 [FXGL Launcher Thread     ] DEBUG FXGLDisplay          - Service [Display] initialized
22:39:49.595 [FXGL Launcher Thread     ] DEBUG FXGLDisplay          - Using CSS: CSS(externalForm=jar:file:/C:/Users/Shane/Downloads/FXGL-0.2.8-uber.jar!/assets/ui/css/fxgl_dark.css)
22:39:49.595 [FXGL Launcher Thread     ] DEBUG InitScenesTask       - Injecting mainMenuScene & gameMenuScene
22:39:49.595 [FXGL Launcher Thread     ] DEBUG InitScenesTask       - Injecting loadingScene & gameScene
22:39:49.638 [FXGL Launcher Thread     ] DEBUG FXGLMasterTimer      - Service [MasterTimer] initialized
22:39:49.640 [FXGL Launcher Thread     ] DEBUG FXGLAudioPlayer      - Service [AudioPlayer] initialized
22:39:49.647 [FXGL Launcher Thread     ] DEBUG InitProfilerTask     - Injecting profiler
22:39:49.647 [FXGL Launcher Thread     ] DEBUG GameApplication      - State: STARTUP -> MAIN_MENU
22:39:49.690 [FXGL Launcher Thread     ] DEBUG SaveLoadManager      - Checking profiles dir: profiles/
22:39:49.691 [FXGL Launcher Thread     ] DEBUG SaveLoadManager      - Loading profile names
22:39:49.692 [FXGL Launcher Thread     ] DEBUG IOTask               - Showing dialog
22:39:49.698 [FXGL Launcher Thread     ] DEBUG FXGLEventBus         - Firing event: DisplayEvent[type=DIALOG_OPENED]
22:39:49.699 [FXGL Launcher Thread     ] DEBUG FXGLInput            - Clearing active input actions
22:39:49.701 [FXGL Background Thread 1 ] DEBUG IOTask               - Executing task: loadDirectoryNamesTask(./profiles/, false)
22:39:49.850 [JavaFX Application Thread] DEBUG FXGLDisplay          - Showing stage
22:39:49.850 [JavaFX Application Thread] DEBUG FXGLDisplay          - Root size: 640.0x960.0
22:39:49.851 [JavaFX Application Thread] DEBUG FXGLDisplay          - Scene size: 640.0x960.0
22:39:49.851 [JavaFX Application Thread] DEBUG FXGLDisplay          - Stage size: 656.0x999.0
22:39:49.943 [JavaFX Application Thread] DEBUG IOTask               - succeed(): Dismissing dialog
22:39:49.944 [JavaFX Application Thread] DEBUG FXGLEventBus         - Firing event: DisplayEvent[type=DIALOG_CLOSED]
22:39:49.944 [JavaFX Application Thread] DEBUG IOTask               - Task succeeded: loadDirectoryNamesTask(./profiles/, false)
22:39:49.952 [JavaFX Application Thread] DEBUG FXGLEventBus         - Firing event: DisplayEvent[type=DIALOG_OPENED]
22:39:49.952 [JavaFX Application Thread] DEBUG FXGLInput            - Clearing active input actions
22:39:51.149 [JavaFX Application Thread] DEBUG FXGLEventBus         - Firing event: DisplayEvent[type=DIALOG_CLOSED]
22:39:51.149 [JavaFX Application Thread] DEBUG SaveLoadManager      - Loading profile: Test
22:39:51.150 [JavaFX Application Thread] DEBUG IOTask               - Showing dialog
22:39:51.153 [JavaFX Application Thread] DEBUG FXGLEventBus         - Firing event: DisplayEvent[type=DIALOG_OPENED]
22:39:51.154 [JavaFX Application Thread] DEBUG FXGLInput            - Clearing active input actions
22:39:51.154 [FXGL Background Thread 1 ] DEBUG IOTask               - Executing task: readDataTask(./profiles/Test/user.profile)
22:39:51.154 [FXGL Background Thread 1 ] DEBUG FS                   - Reading from: .\profiles\Test\user.profile
22:39:51.172 [JavaFX Application Thread] DEBUG IOTask               - succeed(): Dismissing dialog
22:39:51.173 [JavaFX Application Thread] DEBUG FXGLEventBus         - Firing event: DisplayEvent[type=DIALOG_CLOSED]
22:39:51.173 [JavaFX Application Thread] DEBUG IOTask               - Task succeeded: readDataTask(./profiles/Test/user.profile)
22:39:51.173 [JavaFX Application Thread] DEBUG FXGLEventBus         - Firing event: LoadEvent[type=LOAD_PROFILE]
22:39:51.173 [JavaFX Application Thread] DEBUG FXGLInput            - Loading data from profile
22:39:51.174 [JavaFX Application Thread] DEBUG Bundle               - Logging bundle: input
22:39:51.174 [JavaFX Application Thread] DEBUG Bundle               - input.Screenshot=P
22:39:51.174 [JavaFX Application Thread] DEBUG Bundle               - input.Dev Options=CTRL+0
22:39:51.174 [JavaFX Application Thread] DEBUG FXGLDisplay          - Loading data from profile
22:39:51.174 [JavaFX Application Thread] DEBUG Bundle               - Logging bundle: scene
22:39:51.174 [JavaFX Application Thread] DEBUG Bundle               - scene.sizeW=640.0
22:39:51.174 [JavaFX Application Thread] DEBUG Bundle               - scene.sizeH=960.0
22:39:51.174 [JavaFX Application Thread] DEBUG FXGLDisplay          - Target size: DoubleProperty [value: 640.0] x DoubleProperty [value: 960.0] @ 1.0
22:39:51.174 [JavaFX Application Thread] DEBUG FXGLDisplay          - New size:    640.0 x 960.0 @ DoubleProperty [value: 1.0]
22:39:51.205 [JavaFX Application Thread] DEBUG FXGLAudioPlayer      - Loading data from profile
22:39:51.205 [JavaFX Application Thread] DEBUG Bundle               - Logging bundle: audio
22:39:51.205 [JavaFX Application Thread] DEBUG Bundle               - audio.musicVolume=0.5
22:39:51.205 [JavaFX Application Thread] DEBUG Bundle               - audio.soundVolume=0.5
22:39:51.206 [JavaFX Application Thread] DEBUG AchievementManager   - Service [AchievementManager] initialized
22:39:51.206 [JavaFX Application Thread] DEBUG AchievementManager   - Loading data from profile
22:39:51.206 [JavaFX Application Thread] DEBUG Bundle               - Logging bundle: achievement
22:39:51.206 [JavaFX Application Thread] DEBUG FXGLMasterTimer      - Loading data from profile
22:39:51.206 [JavaFX Application Thread] DEBUG Bundle               - Logging bundle: timer
22:39:51.206 [JavaFX Application Thread] DEBUG Bundle               - timer.playtime=0
22:39:51.208 [JavaFX Application Thread] DEBUG SaveLoadManager      - Loading last modified save file
22:39:51.208 [JavaFX Application Thread] DEBUG SaveLoadManager      - Loading save files
22:39:51.210 [JavaFX Application Thread] DEBUG IOTask               - Showing dialog
22:39:51.217 [JavaFX Application Thread] DEBUG FXGLEventBus         - Firing event: DisplayEvent[type=DIALOG_OPENED]
22:39:51.217 [JavaFX Application Thread] DEBUG FXGLInput            - Clearing active input actions
22:39:51.217 [FXGL Background Thread 1 ] DEBUG IOTask               - Executing task: loadFileNamesTask(./profiles/Test/saves/, true, [FileExtension(extension=.sav)])
22:39:51.217 [FXGL Background Thread 1 ] DEBUG IOTask               - Executing task: loadFileNamesTask(./profiles/Test/saves/, true, [FileExtension(extension=.sav)])
22:39:51.217 [FXGL Background Thread 1 ] DEBUG IOTask               - Executing task: loadFileNamesTask(./profiles/Test/saves/, true, [FileExtension(extension=.sav)])
22:39:51.220 [FXGL Background Thread 1 ] DEBUG IOTask               - Executing task: readSaveFiles
22:39:51.236 [FXGL Background Thread 1 ] DEBUG IOTask               - Executing task: findLastSave
22:39:51.248 [JavaFX Application Thread] DEBUG IOTask               - fail(): Dismissing dialog
22:39:51.249 [JavaFX Application Thread] DEBUG FXGLEventBus         - Firing event: DisplayEvent[type=DIALOG_CLOSED]
22:39:51.249 [JavaFX Application Thread] WARN  IOTask               - Task failed: loadFileNamesTask(./profiles/Test/saves/, true, [FileExtension(extension=.sav)]) Error: java.io.FileNotFoundException: No save files found
22:39:51.249 [JavaFX Application Thread] DEBUG FXGLEventBus         - Firing event: ProfileSelectedEvent[name=Test,hasSaves=false]
22:39:56.110 [JavaFX Application Thread] DEBUG FXGLEventBus         - Firing event: DisplayEvent[type=DIALOG_OPENED]
22:39:56.110 [JavaFX Application Thread] DEBUG FXGLInput            - Clearing active input actions
22:39:58.155 [JavaFX Application Thread] DEBUG FXGLEventBus         - Firing event: DisplayEvent[type=DIALOG_CLOSED]
22:39:58.155 [JavaFX Application Thread] DEBUG FXGLEventBus         - Firing event: DisplayEvent[type=CLOSE_REQUEST]
22:39:58.157 [JavaFX Application Thread] DEBUG FXGLEventBus         - Firing event: FXGLEvent[type=EXIT]
22:39:58.157 [JavaFX Application Thread] DEBUG FXGLEventBus         - Firing event: SaveEvent
22:39:58.157 [JavaFX Application Thread] DEBUG FXGLInput            - Saving data to profile
22:39:58.157 [JavaFX Application Thread] DEBUG Bundle               - Logging bundle: input
22:39:58.157 [JavaFX Application Thread] DEBUG Bundle               - input.Screenshot=P
22:39:58.157 [JavaFX Application Thread] DEBUG Bundle               - input.Dev Options=CTRL+0
22:39:58.157 [JavaFX Application Thread] DEBUG FXGLDisplay          - Saving data to profile
22:39:58.157 [JavaFX Application Thread] DEBUG Bundle               - Logging bundle: scene
22:39:58.157 [JavaFX Application Thread] DEBUG Bundle               - scene.sizeW=640.0
22:39:58.157 [JavaFX Application Thread] DEBUG Bundle               - scene.sizeH=960.0
22:39:58.157 [JavaFX Application Thread] DEBUG FXGLAudioPlayer      - Saving data to profile
22:39:58.157 [JavaFX Application Thread] DEBUG Bundle               - Logging bundle: audio
22:39:58.157 [JavaFX Application Thread] DEBUG Bundle               - audio.musicVolume=0.5
22:39:58.157 [JavaFX Application Thread] DEBUG Bundle               - audio.soundVolume=0.5
22:39:58.157 [JavaFX Application Thread] DEBUG AchievementManager   - Saving data to profile
22:39:58.158 [JavaFX Application Thread] DEBUG Bundle               - Logging bundle: achievement
22:39:58.158 [JavaFX Application Thread] DEBUG FXGLMasterTimer      - Saving data to profile
22:39:58.158 [JavaFX Application Thread] DEBUG Bundle               - Logging bundle: timer
22:39:58.158 [JavaFX Application Thread] DEBUG Bundle               - timer.playtime=0
22:39:58.158 [JavaFX Application Thread] DEBUG SaveLoadManager      - Saving profile: Test
22:39:58.159 [JavaFX Application Thread] DEBUG IOTask               - Executing task: writeDataTask(./profiles/Test/user.profile)
22:39:58.160 [JavaFX Application Thread] DEBUG IOTask               - Executing task: writeDataTask(./profiles/Test/user.profile)
22:39:58.161 [JavaFX Application Thread] DEBUG FS                   - Writing to: .\profiles\Test\user.profile
22:39:58.165 [JavaFX Application Thread] DEBUG IOTask               - Executing task: checkSavesDir(./profiles/Test/saves/)
22:39:58.166 [JavaFX Application Thread] DEBUG IOTask               - Task succeeded: writeDataTask(./profiles/Test/user.profile)
22:39:58.169 [JavaFX Application Thread] DEBUG FXGL                 - Saving FXGL system data
22:39:58.169 [JavaFX Application Thread] DEBUG IOTask               - Executing task: writeDataTask(system/fxgl.bundle)
22:39:58.170 [JavaFX Application Thread] DEBUG FS                   - Writing to: system\fxgl.bundle
22:39:58.173 [JavaFX Application Thread] DEBUG IOTask               - Task succeeded: writeDataTask(system/fxgl.bundle)
