22:39:35.914 [FXGL Launcher Thread     ] DEBUG FXGLLoggerFactory    - Service [LoggerFactory] initialized
22:39:35.919 [FXGL Launcher Thread     ] DEBUG FXGL                 - FXGL configuration complete
22:39:35.919 [FXGL Launcher Thread     ] DEBUG FXGL                 - Loading FXGL system data
22:39:35.922 [FXGL Launcher Thread     ] DEBUG IOTask               - Executing task: readDataTask(system/fxgl.bundle)
22:39:35.925 [FXGL Launcher Thread     ] DEBUG FS                   - Reading from: system\fxgl.bundle
22:39:35.930 [FXGL Launcher Thread     ] DEBUG IOTask               - Task succeeded: readDataTask(system/fxgl.bundle)
22:39:35.931 [FXGL Launcher Thread     ] DEBUG Bundle               - Logging bundle: FXGL
22:39:35.931 [FXGL Launcher Thread     ] DEBUG Bundle               - FXGL.offline.timer.version.check=2016-12-03T22:34:59.783
22:39:35.937 [FXGL Launcher Thread     ] DEBUG GameApplication      - Configuring GameApplication
22:39:35.941 [FXGL Launcher Thread     ] DEBUG FXGLExceptionHandler - Service [ExceptionHandler] initialized
22:39:35.941 [FXGL Launcher Thread     ] DEBUG FXGLEventBus         - Service [EventBus] initialized
22:39:35.944 [FXGL Launcher Thread     ] DEBUG FXGLExecutor         - Service [Executor] initialized
22:39:35.944 [FXGL Launcher Thread     ] DEBUG PreInitTask          - Injecting gameWorld & physicsWorld
22:39:35.949 [FXGL Launcher Thread     ] DEBUG GameWorld            - Game world initialized
22:39:35.988 [FXGL Launcher Thread     ] DEBUG FXGLPooler           - Service [Pooler] initialized with default size = 128
22:39:35.988 [FXGL Launcher Thread     ] DEBUG PhysicsWorld         - Physics world initialized: appHeight=960.0, physics.ppm=50.0
22:39:35.989 [FXGL Launcher Thread     ] DEBUG FXGLInput            - Service [Input] initialized
22:39:36.008 [FXGL Launcher Thread     ] DEBUG FXGLInput            - Registered new binding: Screenshot - P
22:39:36.009 [FXGL Launcher Thread     ] DEBUG FXGLInput            - Registered new binding: Dev Options - CTRL+0
22:39:36.037 [FXGL Launcher Thread     ] DEBUG GameScene            - Game scene initialized: 640.0x960.0
22:39:36.045 [FXGL Launcher Thread     ] DEBUG FXGLAssetLoader      - Service [AssetLoader] initialized: cacheSize=35
22:39:36.047 [FXGL Launcher Thread     ] DEBUG FXGLAssetLoader      - Loading from disk: /assets/sounds/system/notification.wav
22:39:36.086 [FXGL Launcher Thread     ] DEBUG FXGLAssetLoader      - Loading from disk: /assets/sounds/menu/select.wav
22:39:36.087 [FXGL Launcher Thread     ] DEBUG FXGLAssetLoader      - Loading from disk: /assets/sounds/menu/back.wav
22:39:36.090 [FXGL Launcher Thread     ] DEBUG FXGLAssetLoader      - Loading from disk: /assets/sounds/menu/press.wav
22:39:36.092 [FXGL Launcher Thread     ] DEBUG FXGLAssetLoader      - Loading from disk: /assets/ui/fonts/Copperplate_Gothic_Light_Regular.ttf
22:39:36.175 [FXGL Launcher Thread     ] DEBUG FXGLAssetLoader      - Loading from disk: /assets/ui/css/fxgl.css
22:39:36.175 [FXGL Launcher Thread     ] DEBUG FXGLAssetLoader      - Loading from disk: /assets/ui/icons/fxgl_icon.png
22:39:36.213 [FXGL Launcher Thread     ] DEBUG FXGLEventBus         - Firing event: SaveEvent
22:39:36.243 [FXGL Launcher Thread     ] DEBUG FXGLAssetLoader      - Loading from disk: /assets/ui/css/fxgl_dark.css
22:39:36.250 [FXGL Launcher Thread     ] DEBUG FXGLDisplay          - Target size: DoubleProperty [value: 640.0] x DoubleProperty [value: 960.0] @ 1.0
22:39:36.251 [FXGL Launcher Thread     ] DEBUG FXGLDisplay          - New size:    640.0 x 960.0 @ DoubleProperty [value: 1.0]
22:39:36.251 [FXGL Launcher Thread     ] DEBUG FXGLDisplay          - Service [Display] initialized
22:39:36.251 [FXGL Launcher Thread     ] DEBUG FXGLDisplay          - Using CSS: CSS(externalForm=jar:file:/C:/Users/Shane/Downloads/FXGL-0.2.8-uber.jar!/assets/ui/css/fxgl_dark.css)
22:39:36.251 [FXGL Launcher Thread     ] DEBUG InitScenesTask       - Injecting mainMenuScene & gameMenuScene
22:39:36.252 [FXGL Launcher Thread     ] DEBUG InitScenesTask       - Injecting loadingScene & gameScene
22:39:36.291 [FXGL Launcher Thread     ] DEBUG FXGLMasterTimer      - Service [MasterTimer] initialized
22:39:36.294 [FXGL Launcher Thread     ] DEBUG FXGLAudioPlayer      - Service [AudioPlayer] initialized
22:39:36.301 [FXGL Launcher Thread     ] DEBUG InitProfilerTask     - Injecting profiler
22:39:36.301 [FXGL Launcher Thread     ] DEBUG GameApplication      - State: STARTUP -> MAIN_MENU
22:39:36.345 [FXGL Launcher Thread     ] DEBUG SaveLoadManager      - Checking profiles dir: profiles/
22:39:36.345 [FXGL Launcher Thread     ] DEBUG SaveLoadManager      - Loading profile names
22:39:36.347 [FXGL Launcher Thread     ] DEBUG IOTask               - Showing dialog
22:39:36.358 [FXGL Launcher Thread     ] DEBUG FXGLEventBus         - Firing event: DisplayEvent[type=DIALOG_OPENED]
22:39:36.358 [FXGL Launcher Thread     ] DEBUG FXGLInput            - Clearing active input actions
22:39:36.361 [FXGL Background Thread 1 ] DEBUG IOTask               - Executing task: loadDirectoryNamesTask(./profiles/, false)
22:39:36.498 [JavaFX Application Thread] DEBUG FXGLDisplay          - Showing stage
22:39:36.498 [JavaFX Application Thread] DEBUG FXGLDisplay          - Root size: 640.0x960.0
22:39:36.498 [JavaFX Application Thread] DEBUG FXGLDisplay          - Scene size: 640.0x960.0
22:39:36.499 [JavaFX Application Thread] DEBUG FXGLDisplay          - Stage size: 656.0x999.0
22:39:36.572 [JavaFX Application Thread] DEBUG IOTask               - succeed(): Dismissing dialog
22:39:36.573 [JavaFX Application Thread] DEBUG FXGLEventBus         - Firing event: DisplayEvent[type=DIALOG_CLOSED]
22:39:36.574 [JavaFX Application Thread] DEBUG IOTask               - Task succeeded: loadDirectoryNamesTask(./profiles/, false)
22:39:36.582 [JavaFX Application Thread] DEBUG FXGLEventBus         - Firing event: DisplayEvent[type=DIALOG_OPENED]
22:39:36.582 [JavaFX Application Thread] DEBUG FXGLInput            - Clearing active input actions
22:39:38.947 [JavaFX Application Thread] DEBUG FXGLEventBus         - Firing event: DisplayEvent[type=DIALOG_CLOSED]
22:39:38.947 [JavaFX Application Thread] DEBUG SaveLoadManager      - Loading profile: Test
22:39:38.948 [JavaFX Application Thread] DEBUG IOTask               - Showing dialog
22:39:38.953 [JavaFX Application Thread] DEBUG FXGLEventBus         - Firing event: DisplayEvent[type=DIALOG_OPENED]
22:39:38.953 [JavaFX Application Thread] DEBUG FXGLInput            - Clearing active input actions
22:39:38.953 [FXGL Background Thread 1 ] DEBUG IOTask               - Executing task: readDataTask(./profiles/Test/user.profile)
22:39:38.953 [FXGL Background Thread 1 ] DEBUG FS                   - Reading from: .\profiles\Test\user.profile
22:39:38.970 [JavaFX Application Thread] DEBUG IOTask               - succeed(): Dismissing dialog
22:39:38.971 [JavaFX Application Thread] DEBUG FXGLEventBus         - Firing event: DisplayEvent[type=DIALOG_CLOSED]
22:39:38.971 [JavaFX Application Thread] DEBUG IOTask               - Task succeeded: readDataTask(./profiles/Test/user.profile)
22:39:38.971 [JavaFX Application Thread] DEBUG FXGLEventBus         - Firing event: LoadEvent[type=LOAD_PROFILE]
22:39:38.971 [JavaFX Application Thread] DEBUG FXGLInput            - Loading data from profile
22:39:38.972 [JavaFX Application Thread] DEBUG Bundle               - Logging bundle: input
22:39:38.972 [JavaFX Application Thread] DEBUG Bundle               - input.Screenshot=P
22:39:38.972 [JavaFX Application Thread] DEBUG Bundle               - input.Dev Options=CTRL+0
22:39:38.972 [JavaFX Application Thread] DEBUG FXGLDisplay          - Loading data from profile
22:39:38.972 [JavaFX Application Thread] DEBUG Bundle               - Logging bundle: scene
22:39:38.972 [JavaFX Application Thread] DEBUG Bundle               - scene.sizeW=640.0
22:39:38.972 [JavaFX Application Thread] DEBUG Bundle               - scene.sizeH=960.0
22:39:38.972 [JavaFX Application Thread] DEBUG FXGLDisplay          - Target size: DoubleProperty [value: 640.0] x DoubleProperty [value: 960.0] @ 1.0
22:39:38.972 [JavaFX Application Thread] DEBUG FXGLDisplay          - New size:    640.0 x 960.0 @ DoubleProperty [value: 1.0]
22:39:38.988 [JavaFX Application Thread] DEBUG FXGLAudioPlayer      - Loading data from profile
22:39:38.989 [JavaFX Application Thread] DEBUG Bundle               - Logging bundle: audio
22:39:38.989 [JavaFX Application Thread] DEBUG Bundle               - audio.musicVolume=0.5
22:39:38.989 [JavaFX Application Thread] DEBUG Bundle               - audio.soundVolume=0.5
22:39:38.989 [JavaFX Application Thread] DEBUG AchievementManager   - Service [AchievementManager] initialized
22:39:38.990 [JavaFX Application Thread] DEBUG AchievementManager   - Loading data from profile
22:39:38.990 [JavaFX Application Thread] DEBUG Bundle               - Logging bundle: achievement
22:39:38.990 [JavaFX Application Thread] DEBUG FXGLMasterTimer      - Loading data from profile
22:39:38.990 [JavaFX Application Thread] DEBUG Bundle               - Logging bundle: timer
22:39:38.990 [JavaFX Application Thread] DEBUG Bundle               - timer.playtime=0
22:39:38.991 [JavaFX Application Thread] DEBUG SaveLoadManager      - Loading last modified save file
22:39:38.991 [JavaFX Application Thread] DEBUG SaveLoadManager      - Loading save files
22:39:38.993 [JavaFX Application Thread] DEBUG IOTask               - Showing dialog
22:39:38.999 [JavaFX Application Thread] DEBUG FXGLEventBus         - Firing event: DisplayEvent[type=DIALOG_OPENED]
22:39:38.999 [JavaFX Application Thread] DEBUG FXGLInput            - Clearing active input actions
22:39:38.999 [FXGL Background Thread 1 ] DEBUG IOTask               - Executing task: loadFileNamesTask(./profiles/Test/saves/, true, [FileExtension(extension=.sav)])
22:39:38.999 [FXGL Background Thread 1 ] DEBUG IOTask               - Executing task: loadFileNamesTask(./profiles/Test/saves/, true, [FileExtension(extension=.sav)])
22:39:38.999 [FXGL Background Thread 1 ] DEBUG IOTask               - Executing task: loadFileNamesTask(./profiles/Test/saves/, true, [FileExtension(extension=.sav)])
22:39:39.002 [FXGL Background Thread 1 ] DEBUG IOTask               - Executing task: readSaveFiles
22:39:39.003 [FXGL Background Thread 1 ] DEBUG IOTask               - Executing task: findLastSave
22:39:39.020 [JavaFX Application Thread] DEBUG IOTask               - fail(): Dismissing dialog
22:39:39.021 [JavaFX Application Thread] DEBUG FXGLEventBus         - Firing event: DisplayEvent[type=DIALOG_CLOSED]
22:39:39.021 [JavaFX Application Thread] WARN  IOTask               - Task failed: loadFileNamesTask(./profiles/Test/saves/, true, [FileExtension(extension=.sav)]) Error: java.io.FileNotFoundException: No save files found
22:39:39.021 [JavaFX Application Thread] DEBUG FXGLEventBus         - Firing event: ProfileSelectedEvent[name=Test,hasSaves=false]
22:39:40.656 [JavaFX Application Thread] DEBUG FXGLEventBus         - Firing event: DisplayEvent[type=DIALOG_OPENED]
22:39:40.656 [JavaFX Application Thread] DEBUG FXGLInput            - Clearing active input actions
22:39:41.838 [JavaFX Application Thread] DEBUG FXGLEventBus         - Firing event: DisplayEvent[type=DIALOG_CLOSED]
22:39:41.839 [JavaFX Application Thread] DEBUG FXGLEventBus         - Firing event: DisplayEvent[type=CLOSE_REQUEST]
22:39:41.840 [JavaFX Application Thread] DEBUG FXGLEventBus         - Firing event: FXGLEvent[type=EXIT]
22:39:41.840 [JavaFX Application Thread] DEBUG FXGLEventBus         - Firing event: SaveEvent
22:39:41.840 [JavaFX Application Thread] DEBUG FXGLInput            - Saving data to profile
22:39:41.840 [JavaFX Application Thread] DEBUG Bundle               - Logging bundle: input
22:39:41.840 [JavaFX Application Thread] DEBUG Bundle               - input.Screenshot=P
22:39:41.840 [JavaFX Application Thread] DEBUG Bundle               - input.Dev Options=CTRL+0
22:39:41.841 [JavaFX Application Thread] DEBUG FXGLDisplay          - Saving data to profile
22:39:41.841 [JavaFX Application Thread] DEBUG Bundle               - Logging bundle: scene
22:39:41.841 [JavaFX Application Thread] DEBUG Bundle               - scene.sizeW=640.0
22:39:41.841 [JavaFX Application Thread] DEBUG Bundle               - scene.sizeH=960.0
22:39:41.841 [JavaFX Application Thread] DEBUG FXGLAudioPlayer      - Saving data to profile
22:39:41.841 [JavaFX Application Thread] DEBUG Bundle               - Logging bundle: audio
22:39:41.841 [JavaFX Application Thread] DEBUG Bundle               - audio.musicVolume=0.5
22:39:41.841 [JavaFX Application Thread] DEBUG Bundle               - audio.soundVolume=0.5
22:39:41.841 [JavaFX Application Thread] DEBUG AchievementManager   - Saving data to profile
22:39:41.841 [JavaFX Application Thread] DEBUG Bundle               - Logging bundle: achievement
22:39:41.841 [JavaFX Application Thread] DEBUG FXGLMasterTimer      - Saving data to profile
22:39:41.841 [JavaFX Application Thread] DEBUG Bundle               - Logging bundle: timer
22:39:41.841 [JavaFX Application Thread] DEBUG Bundle               - timer.playtime=0
22:39:41.841 [JavaFX Application Thread] DEBUG SaveLoadManager      - Saving profile: Test
22:39:41.843 [JavaFX Application Thread] DEBUG IOTask               - Executing task: writeDataTask(./profiles/Test/user.profile)
22:39:41.843 [JavaFX Application Thread] DEBUG IOTask               - Executing task: writeDataTask(./profiles/Test/user.profile)
22:39:41.845 [JavaFX Application Thread] DEBUG FS                   - Writing to: .\profiles\Test\user.profile
22:39:41.850 [JavaFX Application Thread] DEBUG IOTask               - Executing task: checkSavesDir(./profiles/Test/saves/)
22:39:41.850 [JavaFX Application Thread] DEBUG IOTask               - Task succeeded: writeDataTask(./profiles/Test/user.profile)
22:39:41.854 [JavaFX Application Thread] DEBUG FXGL                 - Saving FXGL system data
22:39:41.855 [JavaFX Application Thread] DEBUG IOTask               - Executing task: writeDataTask(system/fxgl.bundle)
22:39:41.857 [JavaFX Application Thread] DEBUG FS                   - Writing to: system\fxgl.bundle
22:39:41.860 [JavaFX Application Thread] DEBUG IOTask               - Task succeeded: writeDataTask(system/fxgl.bundle)
